{
  "stats": {
    "suites": 1,
    "tests": 1,
    "passes": 1,
    "pending": 0,
    "failures": 0,
    "start": "2024-07-08T18:15:10.374Z",
    "end": "2024-07-08T18:15:30.914Z",
    "duration": 20540,
    "testsRegistered": 1,
    "passPercent": 100,
    "pendingPercent": 0,
    "other": 0,
    "hasOther": false,
    "skipped": 0,
    "hasSkipped": false
  },
  "results": [
    {
      "uuid": "833cf3e3-bf62-4a87-bcd8-33938c250f90",
      "title": "",
      "fullFile": "cypress/e2e/addMultipleProduct.cy.js",
      "file": "cypress/e2e/addMultipleProduct.cy.js",
      "beforeHooks": [],
      "afterHooks": [],
      "tests": [],
      "suites": [
        {
          "uuid": "0d7b3b96-4025-4c8f-a879-7ac74eb3af42",
          "title": "Add to cart functionality",
          "fullFile": "",
          "file": "",
          "beforeHooks": [],
          "afterHooks": [],
          "tests": [
            {
              "title": "Adding multiple products to the cart",
              "fullTitle": "Add to cart functionality Adding multiple products to the cart",
              "timedOut": null,
              "duration": 19660,
              "state": "passed",
              "speed": "slow",
              "pass": true,
              "fail": false,
              "pending": false,
              "context": null,
              "code": "_base.default.openHomePage();\n_base.default.cookies.click();\n_base.default.hamburgerIcon.click();\n_cart.default.productCategory.eq(6).click();\n_cart.default.product.eq(8).click();\n_cart.default.size.eq(1).click();\n_cart.default.add.click();\n_base.default.hamburgerIcon.click({\n  force: true\n});\n_cart.default.productCategory.eq(9).click({\n  force: true\n});\n_cart.default.product.eq(12).click();\n_cart.default.size.eq(1).click();\n_cart.default.add.click();\n_cart.default.goToCart.click();",
              "err": {},
              "uuid": "1634a25b-a377-419e-b8be-70378462b7ee",
              "parentUUID": "0d7b3b96-4025-4c8f-a879-7ac74eb3af42",
              "isHook": false,
              "skipped": false
            }
          ],
          "suites": [],
          "passes": [
            "1634a25b-a377-419e-b8be-70378462b7ee"
          ],
          "failures": [],
          "pending": [],
          "skipped": [],
          "duration": 19660,
          "root": false,
          "rootEmpty": false,
          "_timeout": 2000
        }
      ],
      "passes": [],
      "failures": [],
      "pending": [],
      "skipped": [],
      "duration": 0,
      "root": true,
      "rootEmpty": true,
      "_timeout": 2000
    }
  ],
  "meta": {
    "mocha": {
      "version": "7.0.1"
    },
    "mochawesome": {
      "options": {
        "quiet": false,
        "reportFilename": "mochawesome",
        "saveHtml": false,
        "saveJson": true,
        "consoleReporter": "spec",
        "useInlineDiffs": false,
        "code": true
      },
      "version": "7.1.3"
    },
    "marge": {
      "options": {
        "id": "default",
        "reportDir": "cypress/results",
        "overwrite": false,
        "html": false,
        "json": true
      },
      "version": "6.2.0"
    }
  }
}