{
  "stats": {
    "suites": 1,
    "tests": 1,
    "passes": 1,
    "pending": 0,
    "failures": 0,
    "start": "2024-07-08T18:15:35.097Z",
    "end": "2024-07-08T18:15:49.216Z",
    "duration": 14119,
    "testsRegistered": 1,
    "passPercent": 100,
    "pendingPercent": 0,
    "other": 0,
    "hasOther": false,
    "skipped": 0,
    "hasSkipped": false
  },
  "results": [
    {
      "uuid": "e3ba7ca2-2fe7-4f76-9bcc-3684bdf8d3da",
      "title": "",
      "fullFile": "cypress/e2e/addProductToCart.cy.js",
      "file": "cypress/e2e/addProductToCart.cy.js",
      "beforeHooks": [],
      "afterHooks": [],
      "tests": [],
      "suites": [
        {
          "uuid": "e7bb2039-1d77-4169-8878-2b11a09681d0",
          "title": "Add to cart functionality",
          "fullFile": "",
          "file": "",
          "beforeHooks": [],
          "afterHooks": [],
          "tests": [
            {
              "title": "Successful addition of a product to the cart",
              "fullTitle": "Add to cart functionality Successful addition of a product to the cart",
              "timedOut": null,
              "duration": 13092,
              "state": "passed",
              "speed": "slow",
              "pass": true,
              "fail": false,
              "pending": false,
              "context": null,
              "code": "_base.default.openHomePage();\n_base.default.cookies.click();\n_base.default.hamburgerIcon.click();\n_cart.default.productCategory.eq(6).click();\n_cart.default.product.eq(8).click();\n_cart.default.size.eq(1).click();\n_cart.default.add.click();\n_cart.default.goToCart.click();",
              "err": {},
              "uuid": "dbf3f01e-ea9c-4149-bb02-deaf65ac41c7",
              "parentUUID": "e7bb2039-1d77-4169-8878-2b11a09681d0",
              "isHook": false,
              "skipped": false
            }
          ],
          "suites": [],
          "passes": [
            "dbf3f01e-ea9c-4149-bb02-deaf65ac41c7"
          ],
          "failures": [],
          "pending": [],
          "skipped": [],
          "duration": 13092,
          "root": false,
          "rootEmpty": false,
          "_timeout": 2000
        }
      ],
      "passes": [],
      "failures": [],
      "pending": [],
      "skipped": [],
      "duration": 0,
      "root": true,
      "rootEmpty": true,
      "_timeout": 2000
    }
  ],
  "meta": {
    "mocha": {
      "version": "7.0.1"
    },
    "mochawesome": {
      "options": {
        "quiet": false,
        "reportFilename": "mochawesome",
        "saveHtml": false,
        "saveJson": true,
        "consoleReporter": "spec",
        "useInlineDiffs": false,
        "code": true
      },
      "version": "7.1.3"
    },
    "marge": {
      "options": {
        "id": "default",
        "reportDir": "cypress/results",
        "overwrite": false,
        "html": false,
        "json": true
      },
      "version": "6.2.0"
    }
  }
}