{
  "stats": {
    "suites": 1,
    "tests": 1,
    "passes": 1,
    "pending": 0,
    "failures": 0,
    "start": "2024-07-08T18:15:52.579Z",
    "end": "2024-07-08T18:16:01.666Z",
    "duration": 9087,
    "testsRegistered": 1,
    "passPercent": 100,
    "pendingPercent": 0,
    "other": 0,
    "hasOther": false,
    "skipped": 0,
    "hasSkipped": false
  },
  "results": [
    {
      "uuid": "ef41c56e-5576-41f3-ae3e-7270e51395c4",
      "title": "",
      "fullFile": "cypress/e2e/logInvalidEmail.cy.js",
      "file": "cypress/e2e/logInvalidEmail.cy.js",
      "beforeHooks": [],
      "afterHooks": [],
      "tests": [],
      "suites": [
        {
          "uuid": "55cdc415-b996-4e91-a528-40a7d7230fa8",
          "title": "User login process",
          "fullFile": "",
          "file": "",
          "beforeHooks": [],
          "afterHooks": [],
          "tests": [
            {
              "title": "Login with an invalid Email",
              "fullTitle": "User login process Login with an invalid Email",
              "timedOut": null,
              "duration": 8825,
              "state": "passed",
              "speed": "medium",
              "pass": true,
              "fail": false,
              "pending": false,
              "context": null,
              "code": "_base.default.openHomePage();\n_base.default.cookies.click();\n_base.default.login.click();\n_logValid.default.logEmail.type(_regData.incorrectEmail);\n_logValid.default.logPass.type(_regData.correctPass);\n_logValid.default.logButton.click();\n_validInfo.default.logEmailValidInfo.should(\"be.visible\").and(\"include.text\", _validDataInfo.emailInfo);",
              "err": {},
              "uuid": "9a6b197b-b76d-4abe-8a9c-a5a646c7144a",
              "parentUUID": "55cdc415-b996-4e91-a528-40a7d7230fa8",
              "isHook": false,
              "skipped": false
            }
          ],
          "suites": [],
          "passes": [
            "9a6b197b-b76d-4abe-8a9c-a5a646c7144a"
          ],
          "failures": [],
          "pending": [],
          "skipped": [],
          "duration": 8825,
          "root": false,
          "rootEmpty": false,
          "_timeout": 2000
        }
      ],
      "passes": [],
      "failures": [],
      "pending": [],
      "skipped": [],
      "duration": 0,
      "root": true,
      "rootEmpty": true,
      "_timeout": 2000
    }
  ],
  "meta": {
    "mocha": {
      "version": "7.0.1"
    },
    "mochawesome": {
      "options": {
        "quiet": false,
        "reportFilename": "mochawesome",
        "saveHtml": false,
        "saveJson": true,
        "consoleReporter": "spec",
        "useInlineDiffs": false,
        "code": true
      },
      "version": "7.1.3"
    },
    "marge": {
      "options": {
        "id": "default",
        "reportDir": "cypress/results",
        "overwrite": false,
        "html": false,
        "json": true
      },
      "version": "6.2.0"
    }
  }
}