{
  "stats": {
    "suites": 1,
    "tests": 1,
    "passes": 1,
    "pending": 0,
    "failures": 0,
    "start": "2024-07-09T10:52:50.867Z",
    "end": "2024-07-09T10:53:03.723Z",
    "duration": 12856,
    "testsRegistered": 1,
    "passPercent": 100,
    "pendingPercent": 0,
    "other": 0,
    "hasOther": false,
    "skipped": 0,
    "hasSkipped": false
  },
  "results": [
    {
      "uuid": "8f49df24-c145-417f-8cf6-71193b08bbb6",
      "title": "",
      "fullFile": "cypress/e2e/regValidData.cy.js",
      "file": "cypress/e2e/regValidData.cy.js",
      "beforeHooks": [],
      "afterHooks": [],
      "tests": [],
      "suites": [
        {
          "uuid": "41861724-4ec5-4b6f-a951-959b4ff8a2e9",
          "title": "User Registration Process",
          "fullFile": "",
          "file": "",
          "beforeHooks": [],
          "afterHooks": [],
          "tests": [
            {
              "title": "Registration with Valid Data",
              "fullTitle": "User Registration Process Registration with Valid Data",
              "timedOut": null,
              "duration": 12420,
              "state": "passed",
              "speed": "slow",
              "pass": true,
              "fail": false,
              "pending": false,
              "context": null,
              "code": "const testCaseId = '59';\nconst testPlanId = '151';\nconst buildId = '1';\nlet status = 'f'; // domyślnie ustaw na \"f\"\nconst notes = 'Test passed successfully';\n_base.default.openHomePage();\n_base.default.cookies.click();\n_base.default.login.click();\n_base.default.reg.click();\nconst {\n  regEmail,\n  regPass,\n  firstName,\n  lastName,\n  telNumber,\n  privCheck\n} = _regValid.default;\nregEmail.type(_regData.correctEmail);\nregPass.type(_regData.correctPass);\nfirstName.type(_regData.correctFirstName);\nlastName.type(_regData.correctLastName);\ntelNumber.type(_regData.correctTelNumber);\nprivCheck.check({\n  force: true\n}).should('be.checked');\n// Ustalanie statusu na podstawie wyniku testu\ncy.get('input[data-qa-input-qualifier=\"firstName\"]').invoke('val').then(value => {\n  if (value === _regData.correctFirstName) {\n    status = 'p'; // status 'p' dla pozytywnego wyniku\n  }\n}).then(() => {\n  // Wywołanie reportTestResult po zakończeniu sprawdzania stanu\n  reportTestResult(testCaseId, testPlanId, buildId, status, notes);\n});\nfirstName.should(\"have.value\", _regData.correctFirstName);",
              "err": {},
              "uuid": "5599dc1d-7d94-46ff-8f94-88dd50ea56ef",
              "parentUUID": "41861724-4ec5-4b6f-a951-959b4ff8a2e9",
              "isHook": false,
              "skipped": false
            }
          ],
          "suites": [],
          "passes": [
            "5599dc1d-7d94-46ff-8f94-88dd50ea56ef"
          ],
          "failures": [],
          "pending": [],
          "skipped": [],
          "duration": 12420,
          "root": false,
          "rootEmpty": false,
          "_timeout": 2000
        }
      ],
      "passes": [],
      "failures": [],
      "pending": [],
      "skipped": [],
      "duration": 0,
      "root": true,
      "rootEmpty": true,
      "_timeout": 2000
    }
  ],
  "meta": {
    "mocha": {
      "version": "7.0.1"
    },
    "mochawesome": {
      "options": {
        "quiet": false,
        "reportFilename": "mochawesome",
        "saveHtml": false,
        "saveJson": true,
        "consoleReporter": "spec",
        "useInlineDiffs": false,
        "code": true
      },
      "version": "7.1.3"
    },
    "marge": {
      "options": {
        "id": "default",
        "reportDir": "cypress/results",
        "overwrite": false,
        "html": false,
        "json": true
      },
      "version": "6.2.0"
    }
  }
}