{
  "stats": {
    "suites": 1,
    "tests": 1,
    "passes": 0,
    "pending": 0,
    "failures": 1,
    "start": "2024-07-08T12:30:38.830Z",
    "end": "2024-07-08T12:31:09.665Z",
    "duration": 30835,
    "testsRegistered": 1,
    "passPercent": 0,
    "pendingPercent": 0,
    "other": 0,
    "hasOther": false,
    "skipped": 0,
    "hasSkipped": false
  },
  "results": [
    {
      "uuid": "626c23d8-0946-4064-9034-143383aec8de",
      "title": "",
      "fullFile": "cypress/e2e/regValidData.cy.js",
      "file": "cypress/e2e/regValidData.cy.js",
      "beforeHooks": [],
      "afterHooks": [],
      "tests": [],
      "suites": [
        {
          "uuid": "9eb7f876-371a-49db-8cdf-9cc986be17ef",
          "title": "User Registration Process",
          "fullFile": "",
          "file": "",
          "beforeHooks": [],
          "afterHooks": [],
          "tests": [
            {
              "title": "Registration with Valid Data",
              "fullTitle": "User Registration Process Registration with Valid Data",
              "timedOut": null,
              "duration": 16643,
              "state": "failed",
              "speed": null,
              "pass": false,
              "fail": true,
              "pending": false,
              "context": null,
              "code": "const testCaseId = '59';\nconst testPlanId = '151';\nconst buildId = '1';\nlet status = 'f'; // domyślnie ustaw na \"f\"\nconst notes = 'Test passed successfully';\n_base.default.openHomePage();\n_base.default.cookies.click();\n_base.default.login.click();\n_base.default.reg.click();\nconst {\n  regEmail,\n  regPass,\n  firstName,\n  lastName,\n  telNumber,\n  privCheck\n} = _regValid.default;\nregEmail.type(_regData.correctEmail);\nregPass.type(_regData.correctPass);\nfirstName.type(\"sdasd\");\nlastName.type(_regData.correctLastName);\ntelNumber.type(_regData.correctTelNumber);\nprivCheck.check({\n  force: true\n}).should('be.checked');\n// Ustalanie statusu na podstawie wyniku testu\ncy.get('input[data-qa-input-qualifier=\"firstName\"]').invoke('val').then(value => {\n  if (value === _regData.correctFirstName) {\n    status = 'p'; // status 'p' dla pozytywnego wyniku\n  }\n}).then(() => {\n  // Wywołanie reportTestResult po zakończeniu sprawdzania stanu\n  reportTestResult(testCaseId, testPlanId, buildId, status, notes);\n});\nfirstName.should(\"have.value\", _regData.correctFirstName);",
              "err": {
                "message": "AssertionError: expected '<input#firstName88.zds-input-base__input>' to have value 'Jan', but the value was 'sdasd'",
                "estack": "AssertionError: expected '<input#firstName88.zds-input-base__input>' to have value 'Jan', but the value was 'sdasd'\n    at Context.eval (webpack://cypress_zara/./cypress/e2e/regValidData.cy.js:41:18)",
                "diff": "- 'sdasd'\n+ 'Jan'\n"
              },
              "uuid": "b9e88396-1798-45ba-8809-912f02fbc6c2",
              "parentUUID": "9eb7f876-371a-49db-8cdf-9cc986be17ef",
              "isHook": false,
              "skipped": false
            }
          ],
          "suites": [],
          "passes": [],
          "failures": [
            "b9e88396-1798-45ba-8809-912f02fbc6c2"
          ],
          "pending": [],
          "skipped": [],
          "duration": 16643,
          "root": false,
          "rootEmpty": false,
          "_timeout": 2000
        }
      ],
      "passes": [],
      "failures": [],
      "pending": [],
      "skipped": [],
      "duration": 0,
      "root": true,
      "rootEmpty": true,
      "_timeout": 2000
    }
  ],
  "meta": {
    "mocha": {
      "version": "7.0.1"
    },
    "mochawesome": {
      "options": {
        "quiet": false,
        "reportFilename": "mochawesome",
        "saveHtml": false,
        "saveJson": true,
        "consoleReporter": "spec",
        "useInlineDiffs": false,
        "code": true
      },
      "version": "7.1.3"
    },
    "marge": {
      "options": {
        "id": "default",
        "reportDir": "cypress/results",
        "overwrite": false,
        "html": false,
        "json": true
      },
      "version": "6.2.0"
    }
  }
}